<?xml version="1.0" encoding="UTF-8"?>
<testsuite name="com.jssproject.book.springboot.web.dto.HelloResponseDtoTest" tests="1" skipped="0" failures="0" errors="0" timestamp="2022-08-28T14:24:13" hostname="DESKTOP-7CEFDKP" time="0.038">
  <properties/>
  <testcase name="롬복_기능_테스트" classname="com.jssproject.book.springboot.web.dto.HelloResponseDtoTest" time="0.038"/>
  <system-out><![CDATA[]]></system-out>
  <system-err><![CDATA[]]></system-err>
</testsuite>
